2022-09-24 01:47:55 info: [0mGET / [32m200[0m 5.835 ms - 2[0m
2022-09-24 01:49:04 info: [0mGET / [32m200[0m 3.642 ms - 2[0m
2022-09-24 01:51:34 info: [0mGET / [32m200[0m 6.025 ms - 2[0m
2022-09-24 01:51:40 info: [0mGET / [32m200[0m 3.547 ms - 2[0m
2022-09-24 01:52:59 info: [0mGET / [32m200[0m 3.639 ms - 2[0m
2022-09-24 01:54:53 info: [0mGET / [32m200[0m 3.562 ms - 2[0m
2022-09-24 01:55:00 info: [0mGET /users [32m200[0m 4.096 ms - 377[0m
2022-09-24 01:55:00 info: [0mGET /users/qpwoeiruty [32m200[0m 1.299 ms - 145[0m
2022-09-24 01:55:00 info: [0mPOST /users [32m201[0m 156.312 ms - 162[0m
2022-09-24 01:55:01 info: [0mPUT /users/60706478aad6c9ad19a31c84 [32m200[0m 64.335 ms - 162[0m
2022-09-24 01:55:01 info: [0mDELETE /users/60706478aad6c9ad19a31c84 [32m200[0m 0.985 ms - 162[0m
2022-09-24 01:55:05 info: [0mPOST /signup [32m201[0m 81.647 ms - 161[0m
2022-09-24 01:55:05 info: [0mPOST /login [32m200[0m 67.209 ms - 160[0m
2022-09-24 02:02:54 info: [0mGET /users [32m200[0m 3.354 ms - 377[0m
2022-09-24 02:02:54 info: [0mGET /users/qpwoeiruty [32m200[0m 1.214 ms - 145[0m
2022-09-24 02:02:54 info: [0mPOST /users [32m201[0m 74.633 ms - 162[0m
2022-09-24 02:02:55 info: [0mPUT /users/60706478aad6c9ad19a31c84 [32m200[0m 62.744 ms - 162[0m
2022-09-24 02:02:55 info: [0mDELETE /users/60706478aad6c9ad19a31c84 [32m200[0m 0.952 ms - 162[0m
2022-09-24 02:02:56 info: [0mGET / [32m200[0m 3.241 ms - 2[0m
2022-09-24 02:02:58 info: [0mPOST /signup [32m201[0m 68.991 ms - 161[0m
2022-09-24 02:02:58 info: [0mPOST /login [32m200[0m 55.838 ms - 160[0m
2022-09-24 02:04:47 info: [0mGET /users [32m200[0m 3.410 ms - 377[0m
2022-09-24 02:04:48 info: [0mGET /users/qpwoeiruty [32m200[0m 1.373 ms - 145[0m
2022-09-24 02:04:48 info: [0mPOST /users [32m201[0m 77.573 ms - 162[0m
2022-09-24 02:04:48 info: [0mPUT /users/60706478aad6c9ad19a31c84 [32m200[0m 56.968 ms - 162[0m
2022-09-24 02:04:48 info: [0mDELETE /users/60706478aad6c9ad19a31c84 [32m200[0m 1.121 ms - 162[0m
2022-09-24 02:04:51 info: [0mPOST /signup [32m201[0m 69.763 ms - 161[0m
2022-09-24 02:04:51 info: [0mPOST /login [32m200[0m 57.870 ms - 160[0m
2022-09-24 02:04:51 error: [POST] /logout >> StatusCode:: 404, Message:: Authentication token missing
2022-09-24 02:04:51 info: [0mPOST /logout [33m404[0m 6.051 ms - 42[0m
2022-09-24 02:04:53 info: [0mGET / [32m200[0m 2.498 ms - 2[0m
2022-09-24 02:05:45 info: [0mPOST /signup [32m201[0m 71.331 ms - 161[0m
2022-09-24 02:05:46 info: [0mPOST /login [32m200[0m 61.931 ms - 160[0m
2022-09-24 02:05:46 error: [POST] /logout >> StatusCode:: 404, Message:: Authentication token missing
2022-09-24 02:05:46 info: [0mPOST /logout [33m404[0m 16.395 ms - 42[0m
2022-09-24 02:05:48 info: [0mGET /users [32m200[0m 2.881 ms - 377[0m
2022-09-24 02:05:48 info: [0mGET /users/qpwoeiruty [32m200[0m 1.296 ms - 145[0m
2022-09-24 02:05:48 info: [0mPOST /users [32m201[0m 68.304 ms - 162[0m
2022-09-24 02:05:48 info: [0mPUT /users/60706478aad6c9ad19a31c84 [32m200[0m 56.350 ms - 162[0m
2022-09-24 02:05:48 info: [0mDELETE /users/60706478aad6c9ad19a31c84 [32m200[0m 0.729 ms - 162[0m
2022-09-24 02:05:50 info: [0mGET / [32m200[0m 2.324 ms - 2[0m
2022-09-24 02:06:35 info: [0mPOST /signup [32m201[0m 74.196 ms - 161[0m
2022-09-24 02:06:35 info: [0mPOST /login [32m200[0m 55.691 ms - 160[0m
2022-09-24 02:06:35 error: [POST] /logout >> StatusCode:: 404, Message:: Authentication token missing
2022-09-24 02:06:35 info: [0mPOST /logout [33m404[0m 8.433 ms - 42[0m
2022-09-24 02:06:37 info: [0mGET /users [32m200[0m 3.444 ms - 377[0m
2022-09-24 02:06:37 info: [0mGET /users/qpwoeiruty [32m200[0m 1.579 ms - 145[0m
2022-09-24 02:06:38 info: [0mPOST /users [32m201[0m 75.439 ms - 162[0m
2022-09-24 02:06:38 info: [0mPUT /users/60706478aad6c9ad19a31c84 [32m200[0m 56.995 ms - 162[0m
2022-09-24 02:06:38 info: [0mDELETE /users/60706478aad6c9ad19a31c84 [32m200[0m 1.077 ms - 162[0m
2022-09-24 02:06:39 info: [0mGET / [32m200[0m 4.545 ms - 2[0m
2022-09-24 02:10:10 info: =================================
2022-09-24 02:10:10 info: ======= ENV: development =======
2022-09-24 02:10:10 info: 🚀 App listening on the port 3000
2022-09-24 02:10:10 info: =================================
2022-09-24 02:11:57 info: [0mGET /users [32m200[0m 11.019 ms - 31[0m
2022-09-24 02:13:42 info: [0mGET /api-docs [36m301[0m 2.535 ms - 183[0m
2022-09-24 02:13:42 info: [0mGET /api-docs/ [32m200[0m 3.391 ms - -[0m
2022-09-24 02:13:42 info: [0mGET /api-docs/swagger-ui-init.js [32m200[0m 0.713 ms - -[0m
2022-09-24 02:13:43 info: [0mGET /api-docs/swagger-ui.css [32m200[0m 17.372 ms - -[0m
2022-09-24 02:13:43 info: [0mGET /api-docs/swagger-ui-standalone-preset.js [32m200[0m 6.602 ms - -[0m
2022-09-24 02:13:43 info: [0mGET /api-docs/swagger-ui-bundle.js [32m200[0m 8.468 ms - -[0m
2022-09-24 02:13:43 info: [0mGET /api-docs/favicon-32x32.png [32m200[0m 7.144 ms - 628[0m
2022-09-24 02:14:24 info: [0mPOST /users [32m201[0m 97.601 ms - 256[0m
2022-09-24 02:14:50 info: [0mGET /users [32m200[0m 3.611 ms - 258[0m
2022-09-24 02:20:02 info: [0mGET /login [33m404[0m 1.043 ms - 144[0m
2022-09-24 02:21:06 info: [0mPOST /login [32m200[0m 64.188 ms - 254[0m
2022-09-24 02:21:57 info: [0mPOST /logout [32m200[0m 8.592 ms - 255[0m
2022-09-24 02:22:09 error: [POST] /logout >> StatusCode:: 404, Message:: Authentication token missing
2022-09-24 02:22:09 info: [0mPOST /logout [33m404[0m 2.734 ms - 42[0m
2022-09-24 02:22:17 info: [0mPOST /login [32m200[0m 59.402 ms - 254[0m
2022-09-24 02:22:25 info: [0mPOST /logout [32m200[0m 7.180 ms - 255[0m
2022-09-24 02:24:22 info: =================================
2022-09-24 02:24:22 info: ======= ENV: development =======
2022-09-24 02:24:22 info: 🚀 App listening on the port 3000
2022-09-24 02:24:22 info: =================================
2022-09-24 02:24:37 error: [GET] /users >> StatusCode:: 404, Message:: Authentication token missing
2022-09-24 02:24:37 info: [0mGET /users [33m404[0m 18.292 ms - 42[0m
2022-09-24 02:24:51 info: [0mPOST /login [32m200[0m 102.870 ms - 254[0m
2022-09-24 02:26:15 info: [0mGET /lusers [33m404[0m 1.348 ms - 145[0m
2022-09-24 02:26:24 info: [0mGET /users [32m200[0m 9.585 ms - 258[0m
2022-09-24 04:09:18 info: =================================
2022-09-24 04:09:18 info: ======= ENV: development =======
2022-09-24 04:09:18 info: 🚀 App listening on the port 3000
2022-09-24 04:09:18 info: =================================
2022-09-24 04:09:53 info: [0mGET /books [33m404[0m 85.020 ms - 144[0m
2022-09-24 04:11:31 info: =================================
2022-09-24 04:11:31 info: ======= ENV: development =======
2022-09-24 04:11:31 info: 🚀 App listening on the port 3000
2022-09-24 04:11:31 info: =================================
2022-09-24 04:14:13 info: [0mPOST /books [33m404[0m 14.606 ms - 145[0m
2022-09-24 04:16:44 info: =================================
2022-09-24 04:16:44 info: ======= ENV: development =======
2022-09-24 04:16:44 info: 🚀 App listening on the port 3000
2022-09-24 04:16:44 info: =================================
2022-09-24 04:16:51 error: [POST] /books >> StatusCode:: 400, Message:: authors must be a string
2022-09-24 04:16:51 info: [0mPOST /books [33m400[0m 20.250 ms - 38[0m
2022-09-24 04:17:06 error: [POST] /books >> StatusCode:: 400, Message:: authors must be a string
2022-09-24 04:17:06 info: [0mPOST /books [33m400[0m 3.702 ms - 38[0m
2022-09-24 04:17:16 info: [0mPOST /books [32m201[0m 19.405 ms - 149[0m
2022-09-24 04:17:26 error: [GET] /books >> StatusCode:: 404, Message:: Authentication token missing
2022-09-24 04:17:26 info: [0mGET /books [33m404[0m 1.612 ms - 42[0m
2022-09-24 04:17:38 error: [POST] /users >> StatusCode:: 409, Message:: This email ahmedtricker@gmail.com already exists
2022-09-24 04:17:38 info: [0mPOST /users [33m409[0m 32.791 ms - 62[0m
2022-09-24 04:17:49 info: [0mPOST /login [32m200[0m 76.332 ms - 264[0m
2022-09-24 04:18:07 info: [0mGET /books [32m200[0m 25.036 ms - 151[0m
2022-09-24 04:19:13 info: [0mPOST /books [32m201[0m 4.319 ms - 149[0m
2022-09-24 04:20:09 info: =================================
2022-09-24 04:20:09 info: ======= ENV: development =======
2022-09-24 04:20:09 info: 🚀 App listening on the port 3000
2022-09-24 04:20:09 info: =================================
2022-09-24 04:20:13 info: [0mPOST /books [32m201[0m 37.596 ms - 149[0m
2022-09-24 04:20:35 info: =================================
2022-09-24 04:20:35 info: ======= ENV: development =======
2022-09-24 04:20:35 info: 🚀 App listening on the port 3000
2022-09-24 04:20:35 info: =================================
2022-09-24 04:20:37 info: [0mPOST /books [32m201[0m 39.010 ms - 149[0m
2022-09-24 04:21:29 info: =================================
2022-09-24 04:21:29 info: ======= ENV: development =======
2022-09-24 04:21:29 info: 🚀 App listening on the port 3000
2022-09-24 04:21:29 info: =================================
2022-09-24 04:21:34 info: [0mPOST /books [32m201[0m 35.056 ms - 149[0m
2022-09-24 04:26:09 info: =================================
2022-09-24 04:26:09 info: ======= ENV: development =======
2022-09-24 04:26:09 info: 🚀 App listening on the port 3000
2022-09-24 04:26:09 info: =================================
2022-09-24 04:31:35 info: =================================
2022-09-24 04:31:35 info: ======= ENV: development =======
2022-09-24 04:31:35 info: 🚀 App listening on the port 3000
2022-09-24 04:31:35 info: =================================
2022-09-24 04:32:24 info: =================================
2022-09-24 04:32:24 info: ======= ENV: development =======
2022-09-24 04:32:24 info: 🚀 App listening on the port 3000
2022-09-24 04:32:24 info: =================================
2022-09-24 04:32:34 info: [0mPOST /books [32m201[0m 38.294 ms - 266[0m
2022-09-24 04:33:22 info: =================================
2022-09-24 04:33:22 info: ======= ENV: development =======
2022-09-24 04:33:22 info: 🚀 App listening on the port 3000
2022-09-24 04:33:22 info: =================================
2022-09-24 04:33:29 error: [POST] /books >> StatusCode:: 500, Message:: E11000 duplicate key error collection: dev.books index: reviews.user_1 dup key: { reviews.user: null }
2022-09-24 04:33:29 info: [0mPOST /books [31m500[0m 60.611 ms - 116[0m
2022-09-24 04:33:58 info: =================================
2022-09-24 04:33:58 info: ======= ENV: development =======
2022-09-24 04:33:58 info: 🚀 App listening on the port 3000
2022-09-24 04:33:58 info: =================================
2022-09-24 04:34:05 error: [POST] /books >> StatusCode:: 500, Message:: E11000 duplicate key error collection: dev.books index: reviews.user_1 dup key: { reviews.user: null }
2022-09-24 04:34:05 info: [0mPOST /books [31m500[0m 38.502 ms - 116[0m
2022-09-24 04:34:15 info: =================================
2022-09-24 04:34:15 info: ======= ENV: development =======
2022-09-24 04:34:15 info: 🚀 App listening on the port 3000
2022-09-24 04:34:15 info: =================================
2022-09-24 04:34:18 error: [POST] /books >> StatusCode:: 500, Message:: E11000 duplicate key error collection: dev.books index: reviews.user_1 dup key: { reviews.user: null }
2022-09-24 04:34:18 info: [0mPOST /books [31m500[0m 38.016 ms - 116[0m
2022-09-24 04:34:19 error: [POST] /books >> StatusCode:: 500, Message:: E11000 duplicate key error collection: dev.books index: reviews.user_1 dup key: { reviews.user: null }
2022-09-24 04:34:19 info: [0mPOST /books [31m500[0m 15.978 ms - 116[0m
2022-09-24 04:34:49 info: [0mPOST /books [32m201[0m 27.543 ms - 294[0m
2022-09-24 04:34:52 info: [0mPOST /books [32m201[0m 12.917 ms - 294[0m
2022-09-24 05:14:48 info: =================================
2022-09-24 05:14:48 info: ======= ENV: development =======
2022-09-24 05:14:48 info: 🚀 App listening on the port 3000
2022-09-24 05:14:48 info: =================================
2022-09-24 05:15:37 error: [POST] /books >> StatusCode:: 400, Message:: property review should not exist
2022-09-24 05:15:37 info: [0mPOST /books [33m400[0m 27.798 ms - 46[0m
2022-09-24 05:22:20 info: =================================
2022-09-24 05:22:20 info: ======= ENV: development =======
2022-09-24 05:22:20 info: 🚀 App listening on the port 3000
2022-09-24 05:22:20 info: =================================
2022-09-24 05:22:40 info: =================================
2022-09-24 05:22:40 info: ======= ENV: development =======
2022-09-24 05:22:40 info: 🚀 App listening on the port 3000
2022-09-24 05:22:40 info: =================================
2022-09-24 05:27:02 info: =================================
2022-09-24 05:27:02 info: ======= ENV: development =======
2022-09-24 05:27:02 info: 🚀 App listening on the port 3000
2022-09-24 05:27:02 info: =================================
2022-09-24 05:32:24 info: =================================
2022-09-24 05:32:24 info: ======= ENV: development =======
2022-09-24 05:32:24 info: 🚀 App listening on the port 3000
2022-09-24 05:32:24 info: =================================
2022-09-24 05:32:50 info: =================================
2022-09-24 05:32:50 info: ======= ENV: development =======
2022-09-24 05:32:50 info: 🚀 App listening on the port 3000
2022-09-24 05:32:50 info: =================================
2022-09-24 05:36:03 info: =================================
2022-09-24 05:36:03 info: ======= ENV: development =======
2022-09-24 05:36:03 info: 🚀 App listening on the port 3000
2022-09-24 05:36:03 info: =================================
